#
# There is insufficient memory for the Java Runtime Environment to continue.
# Native memory allocation (mmap) failed to map 266338304 bytes for G1 virtual space
# Possible reasons:
#   The system is out of physical RAM or swap space
#   The process is running with CompressedOops enabled, and the Java Heap may be blocking the growth of the native heap
# Possible solutions:
#   Reduce memory load on the system
#   Increase physical memory or swap space
#   Check if swap backing store is full
#   Decrease Java heap size (-Xmx/-Xms)
#   Decrease number of Java threads
#   Decrease Java thread stack sizes (-Xss)
#   Set larger code cache with -XX:ReservedCodeCacheSize=
#   JVM is running with Zero Based Compressed Oops mode in which the Java heap is
#     placed in the first 32GB address space. The Java Heap base address is the
#     maximum limit for the native heap growth. Please use -XX:HeapBaseMinAddress
#     to set the Java Heap base and to place the Java Heap above 32GB virtual address.
# This output file may be truncated or incomplete.
#
#  Out of Memory Error (os_windows.cpp:3466), pid=65136, tid=48996
#
# JRE version:  (16.0.2+7) (build )
# Java VM: Java HotSpot(TM) 64-Bit Server VM (16.0.2+7-67, mixed mode, sharing, tiered, compressed oops, compressed class ptrs, g1 gc, windows-amd64)
# No core dump will be written. Minidumps are not enabled by default on client versions of Windows
#

---------------  S U M M A R Y ------------

Command Line: 

Host: 11th Gen Intel(R) Core(TM) i7-1165G7 @ 2.80GHz, 8 cores, 15G,  Windows 10 , 64 bit Build 22000 (10.0.22000.708)
Time: Tue Jul  5 11:40:07 2022 SE Asia Standard Time elapsed time: 0.010371 seconds (0d 0h 0m 0s)

---------------  T H R E A D  ---------------

Current thread (0x000001a9e7a79dc0):  JavaThread "Unknown thread" [_thread_in_vm, id=48996, stack(0x00000080bd100000,0x00000080bd200000)]

Stack: [0x00000080bd100000,0x00000080bd200000]
Native frames: (J=compiled Java code, j=interpreted, Vv=VM code, C=native code)
V  [jvm.dll+0x6681ca]
V  [jvm.dll+0x7c9e69]
V  [jvm.dll+0x7cb61e]
V  [jvm.dll+0x7cbc73]
V  [jvm.dll+0x242c55]
V  [jvm.dll+0x664f89]
V  [jvm.dll+0x659b75]
V  [jvm.dll+0x2fbfbb]
V  [jvm.dll+0x3031b6]
V  [jvm.dll+0x35299e]
V  [jvm.dll+0x352bcf]
V  [jvm.dll+0x2d3028]
V  [jvm.dll+0x2d4264]
V  [jvm.dll+0x79c741]
V  [jvm.dll+0x360791]
V  [jvm.dll+0x77a3f0]
V  [jvm.dll+0x3e4e8f]
V  [jvm.dll+0x3e6961]
C  [jli.dll+0x52fb]
C  [ucrtbase.dll+0x26c0c]
C  [KERNEL32.DLL+0x154e0]
C  [ntdll.dll+0x485b]


---------------  P R O C E S S  ---------------

Threads class SMR info:
_java_thread_list=0x00007ff8eeebcbb8, length=0, elements={
}

Java Threads: ( => current thread )

Other Threads:
  0x000001a9e7ac6620 GCTaskThread "GC Thread#0" [stack: 0x00000080bd200000,0x00000080bd300000] [id=74984]
  0x000001a9e7ad72f0 ConcurrentGCThread "G1 Main Marker" [stack: 0x00000080bd300000,0x00000080bd400000] [id=61564]
  0x000001a9e7ad8500 ConcurrentGCThread "G1 Conc#0" [stack: 0x00000080bd400000,0x00000080bd500000] [id=78620]

[error occurred during error reporting (printing all threads), id 0xc0000005, EXCEPTION_ACCESS_VIOLATION (0xc0000005) at pc=0x00007ff8ee693ee7]

VM state: not at safepoint (not fully initialized)

VM Mutex/Monitor currently owned by a thread:  ([mutex/lock_event])
[0x000001a9e7a758b0] Heap_lock - owner thread: 0x000001a9e7a79dc0

Heap address: 0x0000000703600000, size: 4042 MB, Compressed Oops mode: Zero based, Oop shift amount: 3

CDS archive(s) mapped at: [0x0000000000000000-0x0000000000000000-0x0000000000000000), size 0, SharedBaseAddress: 0x0000000800000000, ArchiveRelocationMode: 0.
Narrow klass base: 0x0000000000000000, Narrow klass shift: 0, Narrow klass range: 0x0

GC Precious Log:
<Empty>

Heap:
 garbage-first heap   total 0K, used 0K [0x0000000703600000, 0x0000000800000000)
  region size 2048K, 0 young (0K), 0 survivors (0K)

[error occurred during error reporting (printing heap information), id 0xc0000005, EXCEPTION_ACCESS_VIOLATION (0xc0000005) at pc=0x00007ff8eea71eed]

GC Heap History (0 events):
No events

Deoptimization events (0 events):
No events

Classes unloaded (0 events):
No events

Classes redefined (0 events):
No events

Internal exceptions (0 events):
No events

Events (1 events):
Event: 0.005 Loaded shared library C:\Program Files\Java\jdk-16.0.2\bin\java.dll


Dynamic libraries:
0x00007ff6fd320000 - 0x00007ff6fd330000 	C:\Program Files\Java\jdk-16.0.2\bin\java.exe
0x00007ff991480000 - 0x00007ff991689000 	C:\WINDOWS\SYSTEM32\ntdll.dll
0x00007ff990720000 - 0x00007ff9907dd000 	C:\WINDOWS\System32\KERNEL32.DLL
0x00007ff98e960000 - 0x00007ff98ecd9000 	C:\WINDOWS\System32\KERNELBASE.dll
0x00007ff98f1c0000 - 0x00007ff98f2d1000 	C:\WINDOWS\System32\ucrtbase.dll
0x00007ff954ba0000 - 0x00007ff954bb9000 	C:\Program Files\Java\jdk-16.0.2\bin\VCRUNTIME140.dll
0x00007ff954700000 - 0x00007ff954718000 	C:\Program Files\Java\jdk-16.0.2\bin\jli.dll
0x00007ff98f560000 - 0x00007ff98f60e000 	C:\WINDOWS\System32\ADVAPI32.dll
0x00007ff990660000 - 0x00007ff990703000 	C:\WINDOWS\System32\msvcrt.dll
0x00007ff9905c0000 - 0x00007ff99065e000 	C:\WINDOWS\System32\sechost.dll
0x00007ff990fc0000 - 0x00007ff9910e0000 	C:\WINDOWS\System32\RPCRT4.dll
0x00007ff991140000 - 0x00007ff9912ec000 	C:\WINDOWS\System32\USER32.dll
0x00007ff98f2e0000 - 0x00007ff98f306000 	C:\WINDOWS\System32\win32u.dll
0x00007ff978970000 - 0x00007ff978c15000 	C:\WINDOWS\WinSxS\amd64_microsoft.windows.common-controls_6595b64144ccf1df_6.0.22000.120_none_9d947278b86cc467\COMCTL32.dll
0x00007ff98f530000 - 0x00007ff98f559000 	C:\WINDOWS\System32\GDI32.dll
0x00007ff98ece0000 - 0x00007ff98edf2000 	C:\WINDOWS\System32\gdi32full.dll
0x00007ff98eff0000 - 0x00007ff98f08d000 	C:\WINDOWS\System32\msvcp_win.dll
0x00007ff988560000 - 0x00007ff98856a000 	C:\WINDOWS\SYSTEM32\VERSION.dll
0x00007ff9907e0000 - 0x00007ff990811000 	C:\WINDOWS\System32\IMM32.DLL
0x00007ff971b90000 - 0x00007ff971b9c000 	C:\Program Files\Java\jdk-16.0.2\bin\vcruntime140_1.dll
0x00007ff950f10000 - 0x00007ff950fa1000 	C:\Program Files\Java\jdk-16.0.2\bin\msvcp140.dll
0x00007ff8ee3b0000 - 0x00007ff8eef5b000 	C:\Program Files\Java\jdk-16.0.2\bin\server\jvm.dll
0x00007ff990710000 - 0x00007ff990718000 	C:\WINDOWS\System32\PSAPI.DLL
0x00007ff983300000 - 0x00007ff983309000 	C:\WINDOWS\SYSTEM32\WSOCK32.dll
0x00007ff987d60000 - 0x00007ff987d93000 	C:\WINDOWS\SYSTEM32\WINMM.dll
0x00007ff990ba0000 - 0x00007ff990c0f000 	C:\WINDOWS\System32\WS2_32.dll
0x00007ff98db20000 - 0x00007ff98db38000 	C:\WINDOWS\SYSTEM32\kernel.appcore.dll
0x00007ff968fe0000 - 0x00007ff968fea000 	C:\Program Files\Java\jdk-16.0.2\bin\jimage.dll
0x00007ff98c4f0000 - 0x00007ff98c711000 	C:\WINDOWS\SYSTEM32\DBGHELP.DLL
0x00007ff979600000 - 0x00007ff979631000 	C:\WINDOWS\SYSTEM32\dbgcore.DLL
0x00007ff98ef70000 - 0x00007ff98efef000 	C:\WINDOWS\System32\bcryptPrimitives.dll
0x00007ff950ee0000 - 0x00007ff950f05000 	C:\Program Files\Java\jdk-16.0.2\bin\java.dll

dbghelp: loaded successfully - version: 4.0.5 - missing functions: none
symbol engine: initialized successfully - sym options: 0x614 - pdb path: .;C:\Program Files\Java\jdk-16.0.2\bin;C:\WINDOWS\SYSTEM32;C:\WINDOWS\WinSxS\amd64_microsoft.windows.common-controls_6595b64144ccf1df_6.0.22000.120_none_9d947278b86cc467;C:\Program Files\Java\jdk-16.0.2\bin\server

VM Arguments:
java_command: <unknown>
java_class_path (initial): <not set>
Launcher Type: SUN_STANDARD

[Global flags]
     intx CICompilerCount                          = 4                                         {product} {ergonomic}
     uint ConcGCThreads                            = 2                                         {product} {ergonomic}
     uint G1ConcRefinementThreads                  = 8                                         {product} {ergonomic}
   size_t G1HeapRegionSize                         = 2097152                                   {product} {ergonomic}
    uintx GCDrainStackTargetSize                   = 64                                        {product} {ergonomic}
   size_t InitialHeapSize                          = 266338304                                 {product} {ergonomic}
   size_t MarkStackSize                            = 4194304                                   {product} {ergonomic}
   size_t MaxHeapSize                              = 4238344192                                {product} {ergonomic}
   size_t MinHeapDeltaBytes                        = 2097152                                   {product} {ergonomic}
   size_t MinHeapSize                              = 8388608                                   {product} {ergonomic}
    uintx NonNMethodCodeHeapSize                   = 5839372                                {pd product} {ergonomic}
    uintx NonProfiledCodeHeapSize                  = 122909434                              {pd product} {ergonomic}
    uintx ProfiledCodeHeapSize                     = 122909434                              {pd product} {ergonomic}
    uintx ReservedCodeCacheSize                    = 251658240                              {pd product} {ergonomic}
     bool SegmentedCodeCache                       = true                                      {product} {ergonomic}
   size_t SoftMaxHeapSize                          = 4238344192                             {manageable} {ergonomic}
     bool UseCompressedClassPointers               = true                           {product lp64_product} {ergonomic}
     bool UseCompressedOops                        = true                           {product lp64_product} {ergonomic}
     bool UseG1GC                                  = true                                      {product} {ergonomic}
     bool UseLargePagesIndividualAllocation        = false                                  {pd product} {ergonomic}

Logging:
Log output configuration:
 #0: stdout all=warning uptime,level,tags
 #1: stderr all=off uptime,level,tags

Environment Variables:
PATH=D:\Work\yt-event-calendar-data-fetch\android\node_modules\.bin;D:\Work\yt-event-calendar-data-fetch\node_modules\.bin;D:\Work\node_modules\.bin;D:\node_modules\.bin;C:\Program Files\nodejs;D:\Work\yt-event-calendar-data-fetch\node_modules\.bin;D:\Work\node_modules\.bin;D:\node_modules\.bin;C:\Users\norma\AppData\Roaming\nvm\v16.15.1\node_modules\npm\node_modules\@npmcli\run-script\lib\node-gyp-bin;C:\Program Files\Common Files\Oracle\Java\javapath;C:\Windows\system32;C:\Windows;C:\Windows\System32\Wbem;C:\Windows\System32\WindowsPowerShell\v1.0\;C:\Windows\System32\OpenSSH\;C:\Program Files (x86)\NVIDIA Corporation\PhysX\Common;C:\Program Files\NVIDIA Corporation\NVIDIA NvDLISR;C:\WINDOWS\system32;C:\WINDOWS;C:\WINDOWS\System32\Wbem;C:\WINDOWS\System32\WindowsPowerShell\v1.0\;C:\WINDOWS\System32\OpenSSH\;C:\Program Files\Git\cmd;C:\xampp\php;C:\ProgramData\ComposerSetup\bin;C:\Users\norma\flutter\bin;C:\Users\norma\AppData\Roaming\nvm;C:\Program Files\nodejs;C:\bin;C:\Users\norma\AppData\Local\Programs\Microsoft VS Code\bin;C:\Users\norma\AppData\Roaming\Composer\vendor\bin;C:\Program Files\Java\jdk-16.0.2\bin;C:\Users\norma\AppData\Local\Android\Sdk\platform-tools;D:\Work\yt-event-calendar-data-fetch\node_modules\.bin
USERNAME=norma
OS=Windows_NT
PROCESSOR_IDENTIFIER=Intel64 Family 6 Model 140 Stepping 1, GenuineIntel



---------------  S Y S T E M  ---------------

OS:
 Windows 10 , 64 bit Build 22000 (10.0.22000.708)
OS uptime: 6 days 21:11 hours
Hyper-V role detected

CPU: total 8 (initial active 8) (4 cores per cpu, 2 threads per core) family 6 model 140 stepping 1 microcode 0x8a, cx8, cmov, fxsr, ht, mmx, 3dnowpref, sse, sse2, sse3, ssse3, sse4.1, sse4.2, popcnt, lzcnt, tsc, tscinvbit, avx, avx2, aes, erms, clmul, bmi1, bmi2, adx, avx512f, avx512dq, avx512cd, avx512bw, avx512vl, sha, fma, vzeroupper, avx512_vpopcntdq, avx512_vpclmulqdq, avx512_vaes, avx512_vnni, clflush, clflushopt, clwb, avx512_vmbi2, avx512_vmbi, hv

Memory: 4k page, system-wide physical 16167M (475M free)
TotalPageFile size 29352M (AvailPageFile size 175M)
current process WorkingSet (physical memory assigned to process): 10M, peak: 10M
current process commit charge ("private bytes"): 60M, peak: 314M

vm_info: Java HotSpot(TM) 64-Bit Server VM (16.0.2+7-67) for windows-amd64 JRE (16.0.2+7-67), built on Jun  8 2021 23:24:19 by "mach5one" with MS VC++ 16.7 (VS2019)

END.
